{"name":"teacherDex","hostname":"Tutai_MSI","pid":15800,"level":30,"endpoint":"/api/login","email":"wul@gmail.com","msg":"User logged in","time":"2023-05-15T09:30:48.149Z","v":0}
{"name":"teacherDex","hostname":"Tutai_MSI","pid":15800,"level":30,"endpoint":"/api/login","email":"wul@gmail.com","msg":"User logged in","time":"2023-05-15T09:30:48.150Z","v":0}
{"name":"teacherDex","hostname":"Tutai_MSI","pid":15800,"level":30,"endpoint":"/api/login","email":"wul@gmail.com","msg":"User logged in","time":"2023-05-15T09:30:48.152Z","v":0}
{"name":"teacherDex","hostname":"Tutai_MSI","pid":15800,"level":30,"endpoint":"/api/login","email":"wul@gmail.com","accessToken":"eyJhbGciOiJIUzI1NiIsInR5cCI6IkpXVCJ9.eyJ1c2VySWQiOiI2NDYxZjhhYjM3ZmNiMWU2YzVlNTE1ZDIiLCJpYXQiOjE2ODQxNDMwNDgsImV4cCI6MTY4NDE0MzA3OH0.JXviYLxtcQUvewKCvnuk1wfLhZF4FbfL--mJowRoH9g","msg":"User logged in","time":"2023-05-15T09:30:48.154Z","v":0}
{"name":"teacherDex","hostname":"Tutai_MSI","pid":15800,"level":30,"endpoint":"/api/register","email":"wul@gmail.com","msg":"User registered","time":"2023-05-15T09:32:55.420Z","v":0}
{"name":"teacherDex","hostname":"Tutai_MSI","pid":15800,"level":30,"endpoint":"/api/login","email":"wul@gmail.com","msg":"User logged in","time":"2023-05-15T09:33:13.054Z","v":0}
{"name":"teacherDex","hostname":"Tutai_MSI","pid":15800,"level":30,"endpoint":"/api/login","email":"wul@gmail.com","msg":"User logged in","time":"2023-05-15T09:33:13.054Z","v":0}
{"name":"teacherDex","hostname":"Tutai_MSI","pid":15800,"level":30,"endpoint":"/api/login","email":"wul@gmail.com","msg":"User logged in","time":"2023-05-15T09:33:13.056Z","v":0}
{"name":"teacherDex","hostname":"Tutai_MSI","pid":15800,"level":30,"endpoint":"/api/login","email":"wul@gmail.com","accessToken":"eyJhbGciOiJIUzI1NiIsInR5cCI6IkpXVCJ9.eyJ1c2VySWQiOiI2NDYxZmM0NzY2Yzk3YjQ3MTFkMmMyZTAiLCJpYXQiOjE2ODQxNDMxOTMsImV4cCI6MTY4NDE0MzIyM30.bZXq_-h0vFKej0gDvdRkRU3T_qklX5e_nGJ8CCTXnks","msg":"User logged in","time":"2023-05-15T09:33:13.057Z","v":0}
{"name":"teacherDex","hostname":"Tutai_MSI","pid":15800,"level":30,"endpoint":"/api/register","email":"wul@gmail.com","msg":"User registered","time":"2023-05-15T09:34:32.214Z","v":0}
{"name":"teacherDex","hostname":"Tutai_MSI","pid":15800,"level":30,"endpoint":"/api/login","email":"wul@gmail.com","msg":"User logged in","time":"2023-05-15T09:34:40.845Z","v":0}
{"name":"teacherDex","hostname":"Tutai_MSI","pid":15800,"level":30,"endpoint":"/api/login","email":"wul@gmail.com","msg":"User logged in","time":"2023-05-15T09:34:40.845Z","v":0}
{"name":"teacherDex","hostname":"Tutai_MSI","pid":15800,"level":30,"endpoint":"/api/login","email":"wul@gmail.com","msg":"User logged in","time":"2023-05-15T09:34:40.847Z","v":0}
{"name":"teacherDex","hostname":"Tutai_MSI","pid":15800,"level":30,"endpoint":"/api/login","email":"wul@gmail.com","accessToken":"eyJhbGciOiJIUzI1NiIsInR5cCI6IkpXVCJ9.eyJ1c2VySWQiOiI2NDYxZmNhODY2Yzk3YjQ3MTFkMmMyZTEiLCJpYXQiOjE2ODQxNDMyODAsImV4cCI6MTY4NDE0MzMxMH0.Ok6WcohQKTg4HYrteAZSzne0X1eeLVT4FdOWxqGqr2k","msg":"User logged in","time":"2023-05-15T09:34:40.848Z","v":0}
{"name":"teacherDex","hostname":"Tutai_MSI","pid":15800,"level":30,"endpoint":"/api/register","email":"wul@gmail.com","msg":"User registered","time":"2023-05-15T09:36:39.131Z","v":0}
{"name":"teacherDex","hostname":"Tutai_MSI","pid":15800,"level":30,"endpoint":"/api/login","email":"wul@gmail.com","msg":"User logged in","time":"2023-05-15T09:37:06.564Z","v":0}
{"name":"teacherDex","hostname":"Tutai_MSI","pid":15800,"level":30,"endpoint":"/api/login","email":"wul@gmail.com","msg":"User logged in","time":"2023-05-15T09:37:06.564Z","v":0}
{"name":"teacherDex","hostname":"Tutai_MSI","pid":15800,"level":30,"endpoint":"/api/login","email":"wul@gmail.com","msg":"User logged in","time":"2023-05-15T09:37:06.568Z","v":0}
{"name":"teacherDex","hostname":"Tutai_MSI","pid":15800,"level":30,"endpoint":"/api/login","email":"wul@gmail.com","accessToken":"eyJhbGciOiJIUzI1NiIsInR5cCI6IkpXVCJ9.eyJ1c2VySWQiOiI2NDYxZmQyNzY2Yzk3YjQ3MTFkMmMyZTIiLCJpYXQiOjE2ODQxNDM0MjYsImV4cCI6MTY4NDE0MzQ1Nn0.F1SV_vQrOCjq6CVidtRMaFbMCKxUw_0YdgElcRoNU3U","msg":"User logged in","time":"2023-05-15T09:37:06.568Z","v":0}
{"name":"teacherDex","hostname":"Tutai_MSI","pid":2776,"level":30,"endpoint":"/api/register","email":"@gmail.com","msg":"User registered","time":"2023-05-15T09:47:35.130Z","v":0}
{"name":"teacherDex","hostname":"Tutai_MSI","pid":2776,"level":30,"endpoint":"/api/register","email":"@gmail.com","msg":"User registered","time":"2023-05-15T09:49:01.638Z","v":0}
{"name":"teacherDex","hostname":"Tutai_MSI","pid":2776,"level":30,"endpoint":"/api/login","email":"@gmail.com","msg":"User logged in","time":"2023-05-15T09:49:09.915Z","v":0}
{"name":"teacherDex","hostname":"Tutai_MSI","pid":2776,"level":30,"endpoint":"/api/login","email":"@gmail.com","msg":"User logged in","time":"2023-05-15T09:49:09.915Z","v":0}
{"name":"teacherDex","hostname":"Tutai_MSI","pid":2776,"level":30,"endpoint":"/api/login","email":"@gmail.com","msg":"User logged in","time":"2023-05-15T09:49:09.917Z","v":0}
{"name":"teacherDex","hostname":"Tutai_MSI","pid":20168,"level":30,"endpoint":"/api/login","email":"@gmail.com","msg":"User logged in","time":"2023-05-15T09:53:23.543Z","v":0}
{"name":"teacherDex","hostname":"Tutai_MSI","pid":20168,"level":30,"endpoint":"/api/login","email":"@gmail.com","msg":"User logged in","time":"2023-05-15T09:53:23.544Z","v":0}
{"name":"teacherDex","hostname":"Tutai_MSI","pid":20168,"level":30,"endpoint":"/api/login","email":"@gmail.com","msg":"User logged in","time":"2023-05-15T09:53:23.546Z","v":0}
{"name":"teacherDex","hostname":"Tutai_MSI","pid":20168,"level":30,"endpoint":"/api/login","email":"@gmail.com","accessToken":"eyJhbGciOiJIUzI1NiIsInR5cCI6IkpXVCJ9.eyJ1c2VySWQiOiI2NDYyMDAwZGE1MGMxNjFhNDhhN2FlODQiLCJpYXQiOjE2ODQxNDQ0MDMsImV4cCI6MTY4NDE0NDQzM30.IYyZlFJuSUgFEUZHYNjLmK4queeK3iwEf0_8uEqeEZ8","msg":"User logged in","time":"2023-05-15T09:53:23.549Z","v":0}
{"name":"teacherDex","hostname":"Tutai_MSI","pid":22412,"level":30,"endpoint":"/api/login","email":"@gmail.com","msg":"User logged in","time":"2023-05-15T09:53:55.620Z","v":0}
{"name":"teacherDex","hostname":"Tutai_MSI","pid":22412,"level":30,"endpoint":"/api/login","email":"@gmail.com","msg":"User logged in","time":"2023-05-15T09:53:55.621Z","v":0}
{"name":"teacherDex","hostname":"Tutai_MSI","pid":22412,"level":30,"endpoint":"/api/login","email":"@gmail.com","msg":"User logged in","time":"2023-05-15T09:53:55.623Z","v":0}
{"name":"teacherDex","hostname":"Tutai_MSI","pid":22412,"level":30,"endpoint":"/api/login","email":"@gmail.com","accessToken":"eyJhbGciOiJIUzI1NiIsInR5cCI6IkpXVCJ9.eyJ1c2VySWQiOiI2NDYyMDAwZGE1MGMxNjFhNDhhN2FlODQiLCJpYXQiOjE2ODQxNDQ0MzUsImV4cCI6MTY4NDE0NDQ2NX0.G33t4NXGyklnTGEP5l1s7Mh42PRIsWkZ-LlDR0r0ZRk","msg":"User logged in","time":"2023-05-15T09:53:55.626Z","v":0}
